                                                                           
                                                                           
***************************************************************************
***                                                                     ***
***                                                                     ***
***          __  __ ____   ____ _                                       ***
***         |  \/  |  _ \ / ___| |__   ___ _ __ ___                     ***
***         | |\/| | |_) | |   | '_ \ / _ \ '_ ` _ \                    ***
***         | |  | |  _ <| |___| | | |  __/ | | | | |                   ***
***         |_|  |_|_| \_\\____|_| |_|\___|_| |_| |_|                   ***
***                                                                     ***
***         VERSION            1.0.0                                    ***
***                                                                     ***
***         Git branch         release/1.0                              ***
***         Git commit hash    ba79f782d902b238c644-dirty               ***
***         Git commit author  Stig Rune Jensen                         ***
***         Git commit date    Wed Sep 16 08:44:27 2020 +0200           ***
***                                                                     ***
***         Contact: luca.frediani@uit.no                               ***
***                                                                     ***
***         Radovan Bast            Magnar Bjorgve                      ***
***         Roberto Di Remigio      Antoine Durdek                      ***
***         Luca Frediani           Gabriel Gerez                       ***
***         Stig Rune Jensen        Jonas Juselius                      ***
***         Rune Monstad            Peter Wind                          ***
***                                                                     ***
***************************************************************************

---------------------------------------------------------------------------

 MPI processes           :       (no bank)                              32
 OpenMP threads          :                                              16
 Total cores             :                                             512
                                                                           
---------------------------------------------------------------------------

XCFun DFT library Copyright 2009-2020 Ulf Ekstrom and contributors.
See http://dftlibs.org/xcfun/ for more information.

This is free software; see the source code for copying conditions.
There is ABSOLUTELY NO WARRANTY; not even for MERCHANTABILITY or
FITNESS FOR A PARTICULAR PURPOSE. For details see the documentation.
Scientific users of this library should cite
U. Ekstrom, L. Visscher, R. Bast, A. J. Thorvaldsen and K. Ruud;
J.Chem.Theor.Comp. 2010, DOI: 10.1021/ct100117s

---------------------------------------------------------------------------

 MRCPP version         : 1.3.3
 Git branch            : release/1.0
 Git commit hash       : ba79f782d902b238c644-dirty
 Git commit author     : Stig Rune Jensen
 Git commit date       : Wed Sep 16 08:44:27 2020 +0200

 Linear algebra        : EIGEN v3.3.7
 Parallelization       : MPI/OpenMP

---------------------------------------------------------------------------


                                                                           
===========================================================================
                         MultiResolution Analysis
---------------------------------------------------------------------------
 polynomial order      : 8
 polynomial type       : Interpolating
---------------------------------------------------------------------------
 total boxes           : 8
 boxes                 : [          2           2           2 ]
 unit lengths          : [   32.00000    32.00000    32.00000 ]
 scaling factor        : [    1.00000     1.00000     1.00000 ]
 lower bounds          : [  -32.00000   -32.00000   -32.00000 ]
 upper bounds          : [   32.00000    32.00000    32.00000 ]
 total length          : [   64.00000    64.00000    64.00000 ]
===========================================================================


                                                                           
***************************************************************************
***                                                                     ***
***                        Initializing Molecule                        ***
***                                                                     ***
***************************************************************************
                                                                           
                                                                           
===========================================================================
                                 Molecule
---------------------------------------------------------------------------
 Charge                  :                                               0
 Multiplicity            :                                               1
---------------------------------------------------------------------------
    N    Atom            :               x               y               z
---------------------------------------------------------------------------
    0       C            :       -0.778142        0.160596       -2.756719
    1       C            :        1.451817        0.160596       -1.164413
    2       C            :        1.426531        0.160596        1.575573
    3       C            :       -3.007224        0.160596        1.525306
    4       C            :        4.962764        0.160596        0.985636
    5       C            :        5.997654       -0.565355       -3.017905
    6       C            :       -1.007179       -0.449345        5.565548
    7       C            :       -5.389437       -0.477716       -2.345930
    8       N            :       -0.942560        0.160596        2.914370
    9       N            :       -3.007224        0.160596       -1.195899
   10       N            :        3.401187        0.160596        2.518654
   11       N            :        4.233330        0.160596       -1.077516
   12       O            :       -5.549484        0.160596        2.257562
   13       O            :       -0.753727        0.160596       -5.402222
   14       H            :       -6.781986       -0.850848       -0.877399
   15       H            :       -6.028826        1.090511       -3.515051
   16       H            :       -5.159051       -2.155535       -3.515051
   17       H            :       -2.947342       -0.352019        6.244740
   18       H            :       -0.275492       -2.351666        5.849816
   19       H            :        0.152425        0.894382        6.607046
   20       H            :        4.965404       -1.163618       -4.694671
   21       H            :        7.198858        1.038221       -3.487640
   22       H            :        7.162969       -2.119668       -2.338823
   23       H            :        6.986028        0.160596        1.361679
---------------------------------------------------------------------------
 Center of mass          :       -0.000000        0.000000       -0.000000
===========================================================================


                                                                           
***************************************************************************
***                                                                     ***
***                 Computing Ground State Wavefunction                 ***
***                                                                     ***
***************************************************************************
                                                                           
                                                                           
~~~~~~~~~~~~~~~~~~~~~~~~~~~~~~~~~~~~~~~~~~~~~~~~~~~~~~~~~~~~~~~~~~~~~~~~~~~
 Calculation             : Compute initial orbitals
 Method                  : Diagonalize SAD Hamiltonian
 Precision               : 1.00000e-03
 Restricted              : True
 Functional              : LDA (SVWN5)
 AO basis                : Hydrogenic orbitals
 Zeta quality            : 2
~~~~~~~~~~~~~~~~~~~~~~~~~~~~~~~~~~~~~~~~~~~~~~~~~~~~~~~~~~~~~~~~~~~~~~~~~~~


===========================================================================
                            Molecular Orbitals
---------------------------------------------------------------------------
 Alpha electrons         :                                              51
 Beta electrons          :                                              51
 Total electrons         :                                             102
---------------------------------------------------------------------------
    n  Occ Spin          :                                            Norm
---------------------------------------------------------------------------
    0    2    p          :                              9.999496431338e-01
    1    2    p          :                             -1.000000000000e+00
    2    2    p          :                             -1.000000000000e+00
    3    2    p          :                             -1.000000000000e+00
    4    2    p          :                             -1.000000000000e+00
    5    2    p          :                             -1.000000000000e+00
    6    2    p          :                             -1.000000000000e+00
    7    2    p          :                             -1.000000000000e+00
    8    2    p          :                             -1.000000000000e+00
    9    2    p          :                             -1.000000000000e+00
   10    2    p          :                             -1.000000000000e+00
   11    2    p          :                             -1.000000000000e+00
   12    2    p          :                             -1.000000000000e+00
   13    2    p          :                             -1.000000000000e+00
   14    2    p          :                             -1.000000000000e+00
   15    2    p          :                             -1.000000000000e+00
   16    2    p          :                             -1.000000000000e+00
   17    2    p          :                             -1.000000000000e+00
   18    2    p          :                             -1.000000000000e+00
   19    2    p          :                             -1.000000000000e+00
   20    2    p          :                             -1.000000000000e+00
   21    2    p          :                             -1.000000000000e+00
   22    2    p          :                             -1.000000000000e+00
   23    2    p          :                             -1.000000000000e+00
   24    2    p          :                             -1.000000000000e+00
   25    2    p          :                             -1.000000000000e+00
   26    2    p          :                             -1.000000000000e+00
   27    2    p          :                             -1.000000000000e+00
   28    2    p          :                             -1.000000000000e+00
   29    2    p          :                             -1.000000000000e+00
   30    2    p          :                             -1.000000000000e+00
   31    2    p          :                             -1.000000000000e+00
   32    2    p          :                              1.000005078030e+00
   33    2    p          :                             -1.000000000000e+00
   34    2    p          :                             -1.000000000000e+00
   35    2    p          :                             -1.000000000000e+00
   36    2    p          :                             -1.000000000000e+00
   37    2    p          :                             -1.000000000000e+00
   38    2    p          :                             -1.000000000000e+00
   39    2    p          :                             -1.000000000000e+00
   40    2    p          :                             -1.000000000000e+00
   41    2    p          :                             -1.000000000000e+00
   42    2    p          :                             -1.000000000000e+00
   43    2    p          :                             -1.000000000000e+00
   44    2    p          :                             -1.000000000000e+00
   45    2    p          :                             -1.000000000000e+00
   46    2    p          :                             -1.000000000000e+00
   47    2    p          :                             -1.000000000000e+00
   48    2    p          :                             -1.000000000000e+00
   49    2    p          :                             -1.000000000000e+00
   50    2    p          :                             -1.000000000000e+00
===========================================================================


~~~~~~~~~~~~~~~~~~~~~~~~~~~~~~~~~~~~~~~~~~~~~~~~~~~~~~~~~~~~~~~~~~~~~~~~~~~
 Calculation             : Compute initial energy
 Method                  : DFT (BP86)
 Precision               : 1.00000e-03
 Localization            : On
~~~~~~~~~~~~~~~~~~~~~~~~~~~~~~~~~~~~~~~~~~~~~~~~~~~~~~~~~~~~~~~~~~~~~~~~~~~


===========================================================================
                        Molecular Energy (initial)
---------------------------------------------------------------------------
 Kinetic energy          :            (au)                715.642175849548
 E-N energy              :            (au)              -3478.153699434729
 Coulomb energy          :            (au)               1252.572635628428
 Exchange energy         :            (au)                  0.000000000000
 X-C energy              :            (au)                -94.187169749173
 Ext. field (el)         :            (au)                  0.000000000000
---------------------------------------------------------------------------
 N-N energy              :            (au)                926.715229106420
 Ext. field (nuc)        :            (au)                  0.000000000000
---------------------------------------------------------------------------
 Electronic energy       :            (au)              -1604.126057705926
 Nuclear energy          :            (au)                926.715229106420
---------------------------------------------------------------------------
 Total energy            :            (au)             -6.774108285995e+02
                         :      (kcal/mol)             -4.250817093493e+05
                         :        (kJ/mol)             -1.778541873072e+06
                         :            (eV)             -1.843328689406e+04
===========================================================================


===========================================================================
                        Orbital Energies (initial)
---------------------------------------------------------------------------
    n  Occ Spin          :                                         Epsilon
---------------------------------------------------------------------------
    0    2    p          :            (au)                -18.179454264317
    1    2    p          :            (au)                -17.898000869918
    2    2    p          :            (au)                -14.076003050588
    3    2    p          :            (au)                -14.040157573846
    4    2    p          :            (au)                -13.925339512091
    5    2    p          :            (au)                -13.593076918861
    6    2    p          :            (au)                -10.320129570811
    7    2    p          :            (au)                -10.184426741867
    8    2    p          :            (au)                 -9.949708371438
    9    2    p          :            (au)                 -9.937132996518
   10    2    p          :            (au)                 -9.907474944522
   11    2    p          :            (au)                 -9.738243263765
   12    2    p          :            (au)                 -9.712515408819
   13    2    p          :            (au)                 -9.675352375543
   14    2    p          :            (au)                 -1.098802267625
   15    2    p          :            (au)                 -1.066603477856
   16    2    p          :            (au)                 -0.977157369895
   17    2    p          :            (au)                 -0.898034073284
   18    2    p          :            (au)                 -0.851776451878
   19    2    p          :            (au)                 -0.769501594315
   20    2    p          :            (au)                 -0.736058031552
   21    2    p          :            (au)                 -0.721648132226
   22    2    p          :            (au)                 -0.695438699989
   23    2    p          :            (au)                 -0.663727676028
   24    2    p          :            (au)                 -0.648862321754
   25    2    p          :            (au)                 -0.617922791716
   26    2    p          :            (au)                 -0.605871216497
   27    2    p          :            (au)                 -0.550222849242
   28    2    p          :            (au)                 -0.544131579083
   29    2    p          :            (au)                 -0.540853598634
   30    2    p          :            (au)                 -0.508040100551
   31    2    p          :            (au)                 -0.499601727398
   32    2    p          :            (au)                 -0.468084707403
   33    2    p          :            (au)                 -0.452038601934
   34    2    p          :            (au)                 -0.435965667870
   35    2    p          :            (au)                 -0.432507487557
   36    2    p          :            (au)                 -0.412086709559
   37    2    p          :            (au)                 -0.394286662815
   38    2    p          :            (au)                 -0.364633731774
   39    2    p          :            (au)                 -0.356156969084
   40    2    p          :            (au)                 -0.351637449055
   41    2    p          :            (au)                 -0.331393126127
   42    2    p          :            (au)                 -0.320613766694
   43    2    p          :            (au)                 -0.254480902161
   44    2    p          :            (au)                 -0.208282275059
   45    2    p          :            (au)                 -0.155671481911
   46    2    p          :            (au)                 -0.084319029367
   47    2    p          :            (au)                 -0.064139960250
   48    2    p          :            (au)                 -0.028214735412
   49    2    p          :            (au)                  0.050571423661
   50    2    p          :            (au)                  0.080198725663
---------------------------------------------------------------------------
 Sum occupied            :            (au)               -378.230025874269
===========================================================================


~~~~~~~~~~~~~~~~~~~~~~~~~~~~~~~~~~~~~~~~~~~~~~~~~~~~~~~~~~~~~~~~~~~~~~~~~~~
 Calculation             : Optimize ground state orbitals
 Method                  : DFT (BP86)
 Checkpointing           : Off
 Max iterations          : 100
 KAIN solver             : 5
 Localization            : First two iterations
 Diagonalization         : Off
 Start precision         : 1.00000e-03
 Final precision         : 1.00000e-05
 Helmholtz precision     : Dynamic
 Energy threshold        : 1.00000e-03
 Orbital threshold       : Off
~~~~~~~~~~~~~~~~~~~~~~~~~~~~~~~~~~~~~~~~~~~~~~~~~~~~~~~~~~~~~~~~~~~~~~~~~~~


===========================================================================
 Iter           MO residual             Total energy                Update
---------------------------------------------------------------------------
    0          7.141428e+00        -677.410828599507         -6.774108e+02
    1          6.299409e-01        -679.976757390902         -2.565929e+00
    2          2.391262e-01        -680.370296755970         -3.935394e-01
    3          1.321603e-01        -680.417021244756         -4.672449e-02
    4          7.428981e-02        -680.438199990471         -2.117875e-02
    5          7.048446e-02        -680.450892250717         -1.269226e-02
    6          3.116849e-02        -680.454982566644         -4.090316e-03
    7          2.155535e-02        -680.457177838173         -2.195272e-03
    8          2.117673e-02        -680.458538979230         -1.361141e-03
    9          1.943551e-02        -680.459308428573         -7.694493e-04
---------------------------------------------------------------------------
                      SCF converged in 9 iterations!
===========================================================================


                                                                           
***************************************************************************
***                                                                     ***
***                    Printing Molecular Properties                    ***
***                                                                     ***
***************************************************************************
                                                                           
                                                                           
===========================================================================
                                 Molecule
---------------------------------------------------------------------------
 Charge                  :                                               0
 Multiplicity            :                                               1
---------------------------------------------------------------------------
    N    Atom            :               x               y               z
---------------------------------------------------------------------------
    0       C            :       -0.778142        0.160596       -2.756719
    1       C            :        1.451817        0.160596       -1.164413
    2       C            :        1.426531        0.160596        1.575573
    3       C            :       -3.007224        0.160596        1.525306
    4       C            :        4.962764        0.160596        0.985636
    5       C            :        5.997654       -0.565355       -3.017905
    6       C            :       -1.007179       -0.449345        5.565548
    7       C            :       -5.389437       -0.477716       -2.345930
    8       N            :       -0.942560        0.160596        2.914370
    9       N            :       -3.007224        0.160596       -1.195899
   10       N            :        3.401187        0.160596        2.518654
   11       N            :        4.233330        0.160596       -1.077516
   12       O            :       -5.549484        0.160596        2.257562
   13       O            :       -0.753727        0.160596       -5.402222
   14       H            :       -6.781986       -0.850848       -0.877399
   15       H            :       -6.028826        1.090511       -3.515051
   16       H            :       -5.159051       -2.155535       -3.515051
   17       H            :       -2.947342       -0.352019        6.244740
   18       H            :       -0.275492       -2.351666        5.849816
   19       H            :        0.152425        0.894382        6.607046
   20       H            :        4.965404       -1.163618       -4.694671
   21       H            :        7.198858        1.038221       -3.487640
   22       H            :        7.162969       -2.119668       -2.338823
   23       H            :        6.986028        0.160596        1.361679
---------------------------------------------------------------------------
 Center of mass          :       -0.000000        0.000000       -0.000000
===========================================================================


===========================================================================
                         Molecular Energy (final)
---------------------------------------------------------------------------
 Kinetic energy          :            (au)                679.250147958037
 E-N energy              :            (au)              -3442.407933357934
 Coulomb energy          :            (au)               1248.282480813037
 Exchange energy         :            (au)                  0.000000000000
 X-C energy              :            (au)                -92.299232948133
 Ext. field (el)         :            (au)                  0.000000000000
---------------------------------------------------------------------------
 N-N energy              :            (au)                926.715229106420
 Ext. field (nuc)        :            (au)                  0.000000000000
---------------------------------------------------------------------------
 Electronic energy       :            (au)              -1607.174537534993
 Nuclear energy          :            (au)                926.715229106420
---------------------------------------------------------------------------
 Total energy            :            (au)             -6.804593084286e+02
                         :      (kcal/mol)             -4.269946593081e+05
                         :        (kJ/mol)             -1.786545655705e+06
                         :            (eV)             -1.851624025251e+04
===========================================================================


===========================================================================
                         Orbital Energies (final)
---------------------------------------------------------------------------
    n  Occ Spin          :                                         Epsilon
---------------------------------------------------------------------------
    0    2    p          :            (au)                -18.741479167542
    1    2    p          :            (au)                -18.729045360657
    2    2    p          :            (au)                -14.092444519338
    3    2    p          :            (au)                -14.088266311911
    4    2    p          :            (au)                -14.073419741735
    5    2    p          :            (au)                -13.991313024030
    6    2    p          :            (au)                -10.042204956504
    7    2    p          :            (au)                -10.030328742578
    8    2    p          :            (au)                 -9.986106226931
    9    2    p          :            (au)                 -9.971931983348
   10    2    p          :            (au)                 -9.964307737220
   11    2    p          :            (au)                 -9.961695920307
   12    2    p          :            (au)                 -9.949616746330
   13    2    p          :            (au)                 -9.910149705485
   14    2    p          :            (au)                 -1.077913455827
   15    2    p          :            (au)                 -0.963474306500
   16    2    p          :            (au)                 -0.917513340444
   17    2    p          :            (au)                 -0.890695667820
   18    2    p          :            (au)                 -0.861919094094
   19    2    p          :            (au)                 -0.822994404754
   20    2    p          :            (au)                 -0.745229992826
   21    2    p          :            (au)                 -0.711904343075
   22    2    p          :            (au)                 -0.693757676592
   23    2    p          :            (au)                 -0.664578736026
   24    2    p          :            (au)                 -0.628315308098
   25    2    p          :            (au)                 -0.605869273368
   26    2    p          :            (au)                 -0.561559691293
   27    2    p          :            (au)                 -0.540441355807
   28    2    p          :            (au)                 -0.521079604608
   29    2    p          :            (au)                 -0.515636916774
   30    2    p          :            (au)                 -0.482847711447
   31    2    p          :            (au)                 -0.456404136562
   32    2    p          :            (au)                 -0.454988071453
   33    2    p          :            (au)                 -0.422174765615
   34    2    p          :            (au)                 -0.416237435392
   35    2    p          :            (au)                 -0.413739214613
   36    2    p          :            (au)                 -0.409483238136
   37    2    p          :            (au)                 -0.395964258496
   38    2    p          :            (au)                 -0.379937705279
   39    2    p          :            (au)                 -0.368177026784
   40    2    p          :            (au)                 -0.359658251594
   41    2    p          :            (au)                 -0.349525708839
   42    2    p          :            (au)                 -0.329987453046
   43    2    p          :            (au)                 -0.324906775611
   44    2    p          :            (au)                 -0.303094881524
   45    2    p          :            (au)                 -0.277189640205
   46    2    p          :            (au)                 -0.262206352199
   47    2    p          :            (au)                 -0.225428742401
   48    2    p          :            (au)                 -0.217333113888
   49    2    p          :            (au)                 -0.214351211728
   50    2    p          :            (au)                 -0.196503385629
---------------------------------------------------------------------------
 Sum occupied            :            (au)               -385.030664784532
===========================================================================


===========================================================================
                           Dipole Moment (dip-1)
---------------------------------------------------------------------------
 r_O                     :        0.000000        0.000000        0.000000
---------------------------------------------------------------------------
 Electronic vector       :       -0.059866        2.439506        0.091916
 Magnitude               :            (au)                        2.441971
                         :         (Debye)                        6.206869
---------------------------------------------------------------------------
 Nuclear vector          :        2.581139       -2.880034        0.797224
 Magnitude               :            (au)                        3.948727
                         :         (Debye)                       10.036661
---------------------------------------------------------------------------
 Total vector            :        2.521272       -0.440529        0.889140
 Magnitude               :            (au)                        2.709511
                         :         (Debye)                        6.886889
===========================================================================


                                                                           
                                                                           
***************************************************************************
***                                                                     ***
***                            Exiting MRChem                           ***
***                                                                     ***
***                       Wall time :  0h  7m 11s                       ***
***                                                                     ***
***************************************************************************
                                                                           
                                                                           
