                                                                           
                                                                           
***************************************************************************
***                                                                     ***
***                                                                     ***
***          __  __ ____   ____ _                                       ***
***         |  \/  |  _ \ / ___| |__   ___ _ __ ___                     ***
***         | |\/| | |_) | |   | '_ \ / _ \ '_ ` _ \                    ***
***         | |  | |  _ <| |___| | | |  __/ | | | | |                   ***
***         |_|  |_|_| \_\\____|_| |_|\___|_| |_| |_|                   ***
***                                                                     ***
***         VERSION            1.0.0                                    ***
***                                                                     ***
***         Git branch         release/1.0                              ***
***         Git commit hash    ba79f782d902b238c644                     ***
***         Git commit author  Stig Rune Jensen                         ***
***         Git commit date    Wed Sep 16 08:44:27 2020 +0200           ***
***                                                                     ***
***         Contact: luca.frediani@uit.no                               ***
***                                                                     ***
***         Radovan Bast            Magnar Bjorgve                      ***
***         Roberto Di Remigio      Antoine Durdek                      ***
***         Luca Frediani           Gabriel Gerez                       ***
***         Stig Rune Jensen        Jonas Juselius                      ***
***         Rune Monstad            Peter Wind                          ***
***                                                                     ***
***************************************************************************

---------------------------------------------------------------------------

 MPI processes           :       (no bank)                               1
 OpenMP threads          :                                              16
 Total cores             :                                              16
                                                                           
---------------------------------------------------------------------------

XCFun DFT library Copyright 2009-2020 Ulf Ekstrom and contributors.
See http://dftlibs.org/xcfun/ for more information.

This is free software; see the source code for copying conditions.
There is ABSOLUTELY NO WARRANTY; not even for MERCHANTABILITY or
FITNESS FOR A PARTICULAR PURPOSE. For details see the documentation.
Scientific users of this library should cite
U. Ekstrom, L. Visscher, R. Bast, A. J. Thorvaldsen and K. Ruud;
J.Chem.Theor.Comp. 2010, DOI: 10.1021/ct100117s

---------------------------------------------------------------------------

 MRCPP version         : 1.3.3
 Git branch            : release/1.0
 Git commit hash       : ba79f782d902b238c644
 Git commit author     : Stig Rune Jensen
 Git commit date       : Wed Sep 16 08:44:27 2020 +0200

 Linear algebra        : EIGEN v3.3.7
 Parallelization       : OpenMP

---------------------------------------------------------------------------


                                                                           
===========================================================================
                         MultiResolution Analysis
---------------------------------------------------------------------------
 polynomial order      : 6
 polynomial type       : Interpolating
---------------------------------------------------------------------------
 total boxes           : 8
 boxes                 : [          2           2           2 ]
 unit lengths          : [   32.00000    32.00000    32.00000 ]
 scaling factor        : [    1.00000     1.00000     1.00000 ]
 lower bounds          : [  -32.00000   -32.00000   -32.00000 ]
 upper bounds          : [   32.00000    32.00000    32.00000 ]
 total length          : [   64.00000    64.00000    64.00000 ]
===========================================================================


                                                                           
***************************************************************************
***                                                                     ***
***                        Initializing Molecule                        ***
***                                                                     ***
***************************************************************************
                                                                           
                                                                           
===========================================================================
                                 Molecule
---------------------------------------------------------------------------
 Charge                  :                                               0
 Multiplicity            :                                               1
---------------------------------------------------------------------------
    N    Atom            :               x               y               z
---------------------------------------------------------------------------
    0       O            :        0.000000        0.000000       -0.128683
    1       H            :       -1.437500        0.000000        1.021317
    2       H            :        1.437500        0.000000        1.021317
---------------------------------------------------------------------------
 Center of mass          :        0.000000        0.000000       -0.000000
===========================================================================


                                                                           
***************************************************************************
***                                                                     ***
***                 Computing Ground State Wavefunction                 ***
***                                                                     ***
***************************************************************************
                                                                           
                                                                           
~~~~~~~~~~~~~~~~~~~~~~~~~~~~~~~~~~~~~~~~~~~~~~~~~~~~~~~~~~~~~~~~~~~~~~~~~~~
 Calculation             : Compute initial orbitals
 Method                  : Diagonalize SAD Hamiltonian
 Precision               : 1.00000e-03
 Restricted              : True
 Functional              : LDA (SVWN5)
 AO basis                : Hydrogenic orbitals
 Zeta quality            : 2
~~~~~~~~~~~~~~~~~~~~~~~~~~~~~~~~~~~~~~~~~~~~~~~~~~~~~~~~~~~~~~~~~~~~~~~~~~~


===========================================================================
                            Molecular Orbitals
---------------------------------------------------------------------------
 Alpha electrons         :                                               5
 Beta electrons          :                                               5
 Total electrons         :                                              10
---------------------------------------------------------------------------
    n  Occ Spin          :                                            Norm
---------------------------------------------------------------------------
    0    2    p          :                              1.000000000000e+00
    1    2    p          :                              9.999999998713e-01
    2    2    p          :                              1.000000000000e+00
    3    2    p          :                              9.999999998997e-01
    4    2    p          :                              1.000000000000e+00
===========================================================================


~~~~~~~~~~~~~~~~~~~~~~~~~~~~~~~~~~~~~~~~~~~~~~~~~~~~~~~~~~~~~~~~~~~~~~~~~~~
 Calculation             : Compute initial energy
 Method                  : Hartree-Fock
 Precision               : 1.00000e-03
 Localization            : Off
~~~~~~~~~~~~~~~~~~~~~~~~~~~~~~~~~~~~~~~~~~~~~~~~~~~~~~~~~~~~~~~~~~~~~~~~~~~


===========================================================================
                        Molecular Energy (initial)
---------------------------------------------------------------------------
 Kinetic energy          :            (au)                 80.829753739324
 E-N energy              :            (au)               -205.105849457801
 Coulomb energy          :            (au)                 48.721818528953
 Exchange energy         :            (au)                 -9.185981804223
 X-C energy              :            (au)                  0.000000000000
 Ext. field (el)         :            (au)                  0.000000000000
---------------------------------------------------------------------------
 N-N energy              :            (au)                  9.039235444235
 Ext. field (nuc)        :            (au)                  0.000000000000
---------------------------------------------------------------------------
 Electronic energy       :            (au)                -84.740258993747
 Nuclear energy          :            (au)                  9.039235444235
---------------------------------------------------------------------------
 Total energy            :            (au)             -7.570102354951e+01
                         :      (kcal/mol)             -4.750310909031e+04
                         :        (kJ/mol)             -1.987530085629e+05
                         :            (eV)             -2.059929700485e+03
===========================================================================


===========================================================================
                        Orbital Energies (initial)
---------------------------------------------------------------------------
    n  Occ Spin          :                                         Epsilon
---------------------------------------------------------------------------
    0    2    p          :            (au)                -20.040951800900
    1    2    p          :            (au)                 -1.194994543592
    2    2    p          :            (au)                 -0.589726224750
    3    2    p          :            (au)                 -0.423435654461
    4    2    p          :            (au)                 -0.353102911668
---------------------------------------------------------------------------
 Sum occupied            :            (au)                -45.204422270744
===========================================================================


~~~~~~~~~~~~~~~~~~~~~~~~~~~~~~~~~~~~~~~~~~~~~~~~~~~~~~~~~~~~~~~~~~~~~~~~~~~
 Calculation             : Optimize ground state orbitals
 Method                  : Hartree-Fock
 Checkpointing           : Off
 Max iterations          : 100
 KAIN solver             : 5
 Localization            : Off
 Diagonalization         : First two iterations
 Start precision         : 1.00000e-04
 Final precision         : 1.00000e-04
 Helmholtz precision     : Dynamic
 Energy threshold        : Off
 Orbital threshold       : 1.00000e-03
~~~~~~~~~~~~~~~~~~~~~~~~~~~~~~~~~~~~~~~~~~~~~~~~~~~~~~~~~~~~~~~~~~~~~~~~~~~


===========================================================================
 Iter           MO residual             Total energy                Update
---------------------------------------------------------------------------
    0          2.236068e+00         -75.701023549511         -7.570102e+01
    1          2.150726e-01         -76.027939155622         -3.269156e-01
    2          6.508501e-02         -76.058552425921         -3.061327e-02
    3          1.656051e-02         -76.063373338342         -4.820912e-03
    4          1.359716e-02         -76.065087502850         -1.714165e-03
    5          8.852294e-03         -76.065407976700         -3.204739e-04
    6          5.245159e-03         -76.065461652455         -5.367575e-05
    7          1.078567e-03         -76.065466555667         -4.903212e-06
---------------------------------------------------------------------------
                      SCF converged in 7 iterations!
===========================================================================


                                                                           
***************************************************************************
***                                                                     ***
***                    Printing Molecular Properties                    ***
***                                                                     ***
***************************************************************************
                                                                           
                                                                           
===========================================================================
                                 Molecule
---------------------------------------------------------------------------
 Charge                  :                                               0
 Multiplicity            :                                               1
---------------------------------------------------------------------------
    N    Atom            :               x               y               z
---------------------------------------------------------------------------
    0       O            :        0.000000        0.000000       -0.128683
    1       H            :       -1.437500        0.000000        1.021317
    2       H            :        1.437500        0.000000        1.021317
---------------------------------------------------------------------------
 Center of mass          :        0.000000        0.000000       -0.000000
===========================================================================


===========================================================================
                         Molecular Energy (final)
---------------------------------------------------------------------------
 Kinetic energy          :            (au)                 75.941043144646
 E-N energy              :            (au)               -198.725216235675
 Coulomb energy          :            (au)                 46.608085599155
 Exchange energy         :            (au)                 -8.928614508028
 X-C energy              :            (au)                  0.000000000000
 Ext. field (el)         :            (au)                  0.000000000000
---------------------------------------------------------------------------
 N-N energy              :            (au)                  9.039235444235
 Ext. field (nuc)        :            (au)                  0.000000000000
---------------------------------------------------------------------------
 Electronic energy       :            (au)                -85.104701999903
 Nuclear energy          :            (au)                  9.039235444235
---------------------------------------------------------------------------
 Total energy            :            (au)             -7.606546655567e+01
                         :      (kcal/mol)             -4.773180052758e+04
                         :        (kJ/mol)             -1.997098535370e+05
                         :            (eV)             -2.069846699454e+03
===========================================================================


===========================================================================
                         Orbital Energies (final)
---------------------------------------------------------------------------
    n  Occ Spin          :                                         Epsilon
---------------------------------------------------------------------------
    0    2    p          :            (au)                -20.567437966289
    1    2    p          :            (au)                 -1.345221402505
    2    2    p          :            (au)                 -0.705052677782
    3    2    p          :            (au)                 -0.585319946671
    4    2    p          :            (au)                 -0.509583461142
---------------------------------------------------------------------------
 Sum occupied            :            (au)                -47.425230908776
===========================================================================


===========================================================================
                           Dipole Moment (dip-1)
---------------------------------------------------------------------------
 r_O                     :        0.000000        0.000000        0.000000
---------------------------------------------------------------------------
 Electronic vector       :        0.000002        0.000000       -0.216507
 Magnitude               :            (au)                        0.216507
                         :         (Debye)                        0.550306
---------------------------------------------------------------------------
 Nuclear vector          :       -0.000000       -0.000000        1.013169
 Magnitude               :            (au)                        1.013169
                         :         (Debye)                        2.575219
---------------------------------------------------------------------------
 Total vector            :        0.000002       -0.000000        0.796662
 Magnitude               :            (au)                        0.796662
                         :         (Debye)                        2.024912
===========================================================================


===========================================================================
                        Quadrupole Moment (quad-1)
---------------------------------------------------------------------------
 r_O                     :        0.000000        0.000000        0.000000
---------------------------------------------------------------------------
 Electronic tensor       :       -1.166573        0.000000        0.000005
                         :        0.000000        1.347020       -0.000000
                         :        0.000005       -0.000000       -0.180447
---------------------------------------------------------------------------
 Nuclear tensor          :        3.023487        0.000000        0.000000
                         :        0.000000       -3.175732       -0.000000
                         :        0.000000       -0.000000        0.152245
---------------------------------------------------------------------------
 Total tensor            :        1.856914        0.000000        0.000005
                         :        0.000000       -1.828712       -0.000000
                         :        0.000005       -0.000000       -0.028202
===========================================================================


                                                                           
                                                                           
***************************************************************************
***                                                                     ***
***                            Exiting MRChem                           ***
***                                                                     ***
***                       Wall time :  0h  2m 40s                       ***
***                                                                     ***
***************************************************************************
                                                                           
                                                                           
