                                                                           
                                                                           
***************************************************************************
***                                                                     ***
***                                                                     ***
***          __  __ ____   ____ _                                       ***
***         |  \/  |  _ \ / ___| |__   ___ _ __ ___                     ***
***         | |\/| | |_) | |   | '_ \ / _ \ '_ ` _ \                    ***
***         | |  | |  _ <| |___| | | |  __/ | | | | |                   ***
***         |_|  |_|_| \_\\____|_| |_|\___|_| |_| |_|                   ***
***                                                                     ***
***         VERSION            1.0.0                                    ***
***                                                                     ***
***         Git branch         release/1.0                              ***
***         Git commit hash    ba79f782d902b238c644                     ***
***         Git commit author  Stig Rune Jensen                         ***
***         Git commit date    Wed Sep 16 08:44:27 2020 +0200           ***
***                                                                     ***
***         Contact: luca.frediani@uit.no                               ***
***                                                                     ***
***         Radovan Bast            Magnar Bjorgve                      ***
***         Roberto Di Remigio      Antoine Durdek                      ***
***         Luca Frediani           Gabriel Gerez                       ***
***         Stig Rune Jensen        Jonas Juselius                      ***
***         Rune Monstad            Peter Wind                          ***
***                                                                     ***
***************************************************************************

---------------------------------------------------------------------------

 MPI processes           :       (no bank)                               1
 OpenMP threads          :                                              16
 Total cores             :                                              16
                                                                           
---------------------------------------------------------------------------

XCFun DFT library Copyright 2009-2020 Ulf Ekstrom and contributors.
See http://dftlibs.org/xcfun/ for more information.

This is free software; see the source code for copying conditions.
There is ABSOLUTELY NO WARRANTY; not even for MERCHANTABILITY or
FITNESS FOR A PARTICULAR PURPOSE. For details see the documentation.
Scientific users of this library should cite
U. Ekstrom, L. Visscher, R. Bast, A. J. Thorvaldsen and K. Ruud;
J.Chem.Theor.Comp. 2010, DOI: 10.1021/ct100117s

---------------------------------------------------------------------------

 MRCPP version         : 1.3.3
 Git branch            : release/1.0
 Git commit hash       : ba79f782d902b238c644
 Git commit author     : Stig Rune Jensen
 Git commit date       : Wed Sep 16 08:44:27 2020 +0200

 Linear algebra        : EIGEN v3.3.7
 Parallelization       : OpenMP

---------------------------------------------------------------------------


                                                                           
===========================================================================
                         MultiResolution Analysis
---------------------------------------------------------------------------
 polynomial order      : 9
 polynomial type       : Interpolating
---------------------------------------------------------------------------
 total boxes           : 8
 boxes                 : [          2           2           2 ]
 unit lengths          : [   32.00000    32.00000    32.00000 ]
 scaling factor        : [    1.00000     1.00000     1.00000 ]
 lower bounds          : [  -32.00000   -32.00000   -32.00000 ]
 upper bounds          : [   32.00000    32.00000    32.00000 ]
 total length          : [   64.00000    64.00000    64.00000 ]
===========================================================================


                                                                           
***************************************************************************
***                                                                     ***
***                        Initializing Molecule                        ***
***                                                                     ***
***************************************************************************
                                                                           
                                                                           
===========================================================================
                                 Molecule
---------------------------------------------------------------------------
 Charge                  :                                               0
 Multiplicity            :                                               1
---------------------------------------------------------------------------
    N    Atom            :               x               y               z
---------------------------------------------------------------------------
    0       O            :        0.000000        0.000000       -0.125000
    1       H            :       -1.437500        0.000000        1.025000
    2       H            :        1.437500        0.000000        1.025000
---------------------------------------------------------------------------
 Center of mass          :        0.000000        0.000000        0.003683
===========================================================================


                                                                           
***************************************************************************
***                                                                     ***
***                 Computing Ground State Wavefunction                 ***
***                                                                     ***
***************************************************************************
                                                                           
                                                                           
~~~~~~~~~~~~~~~~~~~~~~~~~~~~~~~~~~~~~~~~~~~~~~~~~~~~~~~~~~~~~~~~~~~~~~~~~~~
 Calculation             : Compute initial orbitals
 Method                  : Diagonalize SAD Hamiltonian
 Precision               : 1.00000e-03
 Restricted              : True
 Functional              : LDA (SVWN5)
 AO basis                : Hydrogenic orbitals
 Zeta quality            : 2
~~~~~~~~~~~~~~~~~~~~~~~~~~~~~~~~~~~~~~~~~~~~~~~~~~~~~~~~~~~~~~~~~~~~~~~~~~~


===========================================================================
                            Molecular Orbitals
---------------------------------------------------------------------------
 Alpha electrons         :                                               5
 Beta electrons          :                                               5
 Total electrons         :                                              10
---------------------------------------------------------------------------
    n  Occ Spin          :                                            Norm
---------------------------------------------------------------------------
    0    2    p          :                              1.000000000000e+00
    1    2    p          :                              9.999999797515e-01
    2    2    p          :                              9.999999427997e-01
    3    2    p          :                              9.999999673346e-01
    4    2    p          :                              9.999999650627e-01
===========================================================================


~~~~~~~~~~~~~~~~~~~~~~~~~~~~~~~~~~~~~~~~~~~~~~~~~~~~~~~~~~~~~~~~~~~~~~~~~~~
 Calculation             : Compute initial energy
 Method                  : DFT (PBE)
 Precision               : 1.00000e-03
 Localization            : Off
~~~~~~~~~~~~~~~~~~~~~~~~~~~~~~~~~~~~~~~~~~~~~~~~~~~~~~~~~~~~~~~~~~~~~~~~~~~


===========================================================================
                        Molecular Energy (initial)
---------------------------------------------------------------------------
 Kinetic energy          :            (au)                 80.869170513577
 E-N energy              :            (au)               -205.152089469667
 Coulomb energy          :            (au)                 48.731284716088
 Exchange energy         :            (au)                  0.000000000000
 X-C energy              :            (au)                 -9.558726862705
 Ext. field (el)         :            (au)                  0.000000000000
---------------------------------------------------------------------------
 N-N energy              :            (au)                  9.039235444235
 Ext. field (nuc)        :            (au)                  0.000000000000
---------------------------------------------------------------------------
 Electronic energy       :            (au)                -85.110361102707
 Nuclear energy          :            (au)                  9.039235444235
---------------------------------------------------------------------------
 Total energy            :            (au)             -7.607112565847e+01
                         :      (kcal/mol)             -4.773535166818e+04
                         :        (kJ/mol)             -1.997247115093e+05
                         :            (eV)             -2.070000691480e+03
===========================================================================


===========================================================================
                        Orbital Energies (initial)
---------------------------------------------------------------------------
    n  Occ Spin          :                                         Epsilon
---------------------------------------------------------------------------
    0    2    p          :            (au)                -18.211423378139
    1    2    p          :            (au)                 -0.776886996072
    2    2    p          :            (au)                 -0.361692368810
    3    2    p          :            (au)                 -0.141669894469
    4    2    p          :            (au)                 -0.070297422061
---------------------------------------------------------------------------
 Sum occupied            :            (au)                -39.123940119101
===========================================================================


~~~~~~~~~~~~~~~~~~~~~~~~~~~~~~~~~~~~~~~~~~~~~~~~~~~~~~~~~~~~~~~~~~~~~~~~~~~
 Calculation             : Optimize ground state orbitals
 Method                  : DFT (PBE)
 Checkpointing           : Off
 Max iterations          : 100
 KAIN solver             : 5
 Localization            : Off
 Diagonalization         : First two iterations
 Start precision         : 1.00000e-03
 Final precision         : 1.00000e-06
 Helmholtz precision     : Dynamic
 Energy threshold        : 1.00000e-06
 Orbital threshold       : Off
~~~~~~~~~~~~~~~~~~~~~~~~~~~~~~~~~~~~~~~~~~~~~~~~~~~~~~~~~~~~~~~~~~~~~~~~~~~


===========================================================================
 Iter           MO residual             Total energy                Update
---------------------------------------------------------------------------
    0          2.236068e+00         -76.071125658471         -7.607113e+01
    1          3.601251e-01         -76.279429038446         -2.083034e-01
    2          2.585160e-01         -76.368274671395         -8.884563e-02
    3          1.253328e-01         -76.376869088817         -8.594417e-03
    4          5.477166e-02         -76.387374216803         -1.050513e-02
    5          3.108312e-02         -76.388190410608         -8.161938e-04
    6          1.146099e-02         -76.388597829320         -4.074187e-04
    7          3.516122e-03         -76.388650022858         -5.219354e-05
    8          6.473466e-04         -76.388652467783         -2.444926e-06
    9          2.365673e-04         -76.388659731514         -7.263731e-06
   10          9.874519e-05         -76.388660157129         -4.256144e-07
---------------------------------------------------------------------------
                      SCF converged in 10 iterations!
===========================================================================


                                                                           
***************************************************************************
***                                                                     ***
***                    Printing Molecular Properties                    ***
***                                                                     ***
***************************************************************************
                                                                           
                                                                           
===========================================================================
                                 Molecule
---------------------------------------------------------------------------
 Charge                  :                                               0
 Multiplicity            :                                               1
---------------------------------------------------------------------------
    N    Atom            :               x               y               z
---------------------------------------------------------------------------
    0       O            :        0.000000        0.000000       -0.125000
    1       H            :       -1.437500        0.000000        1.025000
    2       H            :        1.437500        0.000000        1.025000
---------------------------------------------------------------------------
 Center of mass          :        0.000000        0.000000        0.003683
===========================================================================


===========================================================================
                         Molecular Energy (final)
---------------------------------------------------------------------------
 Kinetic energy          :            (au)                 76.103083170365
 E-N energy              :            (au)               -198.828939259809
 Coulomb energy          :            (au)                 46.524542141727
 Exchange energy         :            (au)                  0.000000000000
 X-C energy              :            (au)                 -9.226581653647
 Ext. field (el)         :            (au)                  0.000000000000
---------------------------------------------------------------------------
 N-N energy              :            (au)                  9.039235444235
 Ext. field (nuc)        :            (au)                  0.000000000000
---------------------------------------------------------------------------
 Electronic energy       :            (au)                -85.427895601364
 Nuclear energy          :            (au)                  9.039235444235
---------------------------------------------------------------------------
 Total energy            :            (au)             -7.638866015713e+01
                         :      (kcal/mol)             -4.793460757282e+04
                         :        (kJ/mol)             -2.005583982149e+05
                         :            (eV)             -2.078641244989e+03
===========================================================================


===========================================================================
                         Orbital Energies (final)
---------------------------------------------------------------------------
    n  Occ Spin          :                                         Epsilon
---------------------------------------------------------------------------
    0    2    p          :            (au)                -18.758123893023
    1    2    p          :            (au)                 -0.926517431690
    2    2    p          :            (au)                 -0.476508965689
    3    2    p          :            (au)                 -0.345613594158
    4    2    p          :            (au)                 -0.265559765597
---------------------------------------------------------------------------
 Sum occupied            :            (au)                -41.544647300313
===========================================================================


===========================================================================
                           Dipole Moment (dip-1)
---------------------------------------------------------------------------
 r_O                     :        0.000000        0.000000        0.000000
---------------------------------------------------------------------------
 Electronic vector       :       -0.000001       -0.000000       -0.331314
 Magnitude               :            (au)                        0.331314
                         :         (Debye)                        0.842115
---------------------------------------------------------------------------
 Nuclear vector          :        0.000000        0.000000        1.050000
 Magnitude               :            (au)                        1.050000
                         :         (Debye)                        2.668834
---------------------------------------------------------------------------
 Total vector            :       -0.000001        0.000000        0.718686
 Magnitude               :            (au)                        0.718686
                         :         (Debye)                        1.826719
===========================================================================


                                                                           
                                                                           
***************************************************************************
***                                                                     ***
***                            Exiting MRChem                           ***
***                                                                     ***
***                       Wall time :  0h  2m  8s                       ***
***                                                                     ***
***************************************************************************
                                                                           
                                                                           
