                                                                           
                                                                           
***************************************************************************
***                                                                     ***
***                                                                     ***
***          __  __ ____   ____ _                                       ***
***         |  \/  |  _ \ / ___| |__   ___ _ __ ___                     ***
***         | |\/| | |_) | |   | '_ \ / _ \ '_ ` _ \                    ***
***         | |  | |  _ <| |___| | | |  __/ | | | | |                   ***
***         |_|  |_|_| \_\\____|_| |_|\___|_| |_| |_|                   ***
***                                                                     ***
***         VERSION            1.0.0                                    ***
***                                                                     ***
***         Git branch         release/1.0                              ***
***         Git commit hash    ba79f782d902b238c644                     ***
***         Git commit author  Stig Rune Jensen                         ***
***         Git commit date    Wed Sep 16 08:44:27 2020 +0200           ***
***                                                                     ***
***         Contact: luca.frediani@uit.no                               ***
***                                                                     ***
***         Radovan Bast            Magnar Bjorgve                      ***
***         Roberto Di Remigio      Antoine Durdek                      ***
***         Luca Frediani           Gabriel Gerez                       ***
***         Stig Rune Jensen        Jonas Juselius                      ***
***         Rune Monstad            Peter Wind                          ***
***                                                                     ***
***************************************************************************

---------------------------------------------------------------------------

 MPI processes           :       (no bank)                               1
 OpenMP threads          :                                              16
 Total cores             :                                              16
                                                                           
---------------------------------------------------------------------------

XCFun DFT library Copyright 2009-2020 Ulf Ekstrom and contributors.
See http://dftlibs.org/xcfun/ for more information.

This is free software; see the source code for copying conditions.
There is ABSOLUTELY NO WARRANTY; not even for MERCHANTABILITY or
FITNESS FOR A PARTICULAR PURPOSE. For details see the documentation.
Scientific users of this library should cite
U. Ekstrom, L. Visscher, R. Bast, A. J. Thorvaldsen and K. Ruud;
J.Chem.Theor.Comp. 2010, DOI: 10.1021/ct100117s

---------------------------------------------------------------------------

 MRCPP version         : 1.3.3
 Git branch            : release/1.0
 Git commit hash       : ba79f782d902b238c644
 Git commit author     : Stig Rune Jensen
 Git commit date       : Wed Sep 16 08:44:27 2020 +0200

 Linear algebra        : EIGEN v3.3.7
 Parallelization       : OpenMP

---------------------------------------------------------------------------


                                                                           
===========================================================================
                         MultiResolution Analysis
---------------------------------------------------------------------------
 polynomial order      : 9
 polynomial type       : Interpolating
---------------------------------------------------------------------------
 total boxes           : 8
 boxes                 : [          2           2           2 ]
 unit lengths          : [   32.00000    32.00000    32.00000 ]
 scaling factor        : [    1.00000     1.00000     1.00000 ]
 lower bounds          : [  -32.00000   -32.00000   -32.00000 ]
 upper bounds          : [   32.00000    32.00000    32.00000 ]
 total length          : [   64.00000    64.00000    64.00000 ]
===========================================================================


                                                                           
***************************************************************************
***                                                                     ***
***                        Initializing Molecule                        ***
***                                                                     ***
***************************************************************************
                                                                           
                                                                           
===========================================================================
                                 Molecule
---------------------------------------------------------------------------
 Charge                  :                                               0
 Multiplicity            :                                               1
---------------------------------------------------------------------------
    N    Atom            :               x               y               z
---------------------------------------------------------------------------
    0       O            :        0.000000        0.000000       -0.125000
    1       H            :       -1.437500        0.000000        1.025000
    2       H            :        1.437500        0.000000        1.025000
---------------------------------------------------------------------------
 Center of mass          :        0.000000        0.000000        0.003683
===========================================================================


                                                                           
***************************************************************************
***                                                                     ***
***                 Computing Ground State Wavefunction                 ***
***                                                                     ***
***************************************************************************
                                                                           
                                                                           
~~~~~~~~~~~~~~~~~~~~~~~~~~~~~~~~~~~~~~~~~~~~~~~~~~~~~~~~~~~~~~~~~~~~~~~~~~~
 Calculation             : Compute initial orbitals
 Method                  : Project MW molecular orbitals
 Precision               : 1.00000e-04
 Restricted              : True
 MO file                 : initial_guess/phi_p_scf
~~~~~~~~~~~~~~~~~~~~~~~~~~~~~~~~~~~~~~~~~~~~~~~~~~~~~~~~~~~~~~~~~~~~~~~~~~~


===========================================================================
                            Molecular Orbitals
---------------------------------------------------------------------------
 Alpha electrons         :                                               5
 Beta electrons          :                                               5
 Total electrons         :                                              10
---------------------------------------------------------------------------
    n  Occ Spin          :                                            Norm
---------------------------------------------------------------------------
    0    2    p          :                              1.000000008184e+00
    1    2    p          :                              9.999999905138e-01
    2    2    p          :                              1.000000008674e+00
    3    2    p          :                              1.000000002137e+00
    4    2    p          :                              1.000000001900e+00
===========================================================================


~~~~~~~~~~~~~~~~~~~~~~~~~~~~~~~~~~~~~~~~~~~~~~~~~~~~~~~~~~~~~~~~~~~~~~~~~~~
 Calculation             : Compute initial energy
 Method                  : DFT (BLYP)
 Precision               : 1.00000e-04
 Localization            : Off
~~~~~~~~~~~~~~~~~~~~~~~~~~~~~~~~~~~~~~~~~~~~~~~~~~~~~~~~~~~~~~~~~~~~~~~~~~~


===========================================================================
                        Molecular Energy (initial)
---------------------------------------------------------------------------
 Kinetic energy          :            (au)                 75.472260614270
 E-N energy              :            (au)               -198.157227800909
 Coulomb energy          :            (au)                 46.453959020723
 Exchange energy         :            (au)                  0.000000000000
 X-C energy              :            (au)                 -9.263030933056
 Ext. field (el)         :            (au)                  0.000000000000
---------------------------------------------------------------------------
 N-N energy              :            (au)                  9.039235444235
 Ext. field (nuc)        :            (au)                  0.000000000000
---------------------------------------------------------------------------
 Electronic energy       :            (au)                -85.494039098973
 Nuclear energy          :            (au)                  9.039235444235
---------------------------------------------------------------------------
 Total energy            :            (au)             -7.645480365474e+01
                         :      (kcal/mol)             -4.797611324388e+04
                         :        (kJ/mol)             -2.007320579427e+05
                         :            (eV)             -2.080441101171e+03
===========================================================================


===========================================================================
                        Orbital Energies (initial)
---------------------------------------------------------------------------
    n  Occ Spin          :                                         Epsilon
---------------------------------------------------------------------------
    0    2    p          :            (au)                -18.811852422200
    1    2    p          :            (au)                 -0.923904360069
    2    2    p          :            (au)                 -0.476861660030
    3    2    p          :            (au)                 -0.345091457636
    4    2    p          :            (au)                 -0.265976110151
---------------------------------------------------------------------------
 Sum occupied            :            (au)                -41.647372020173
===========================================================================


~~~~~~~~~~~~~~~~~~~~~~~~~~~~~~~~~~~~~~~~~~~~~~~~~~~~~~~~~~~~~~~~~~~~~~~~~~~
 Calculation             : Optimize ground state orbitals
 Method                  : DFT (BLYP)
 Checkpointing           : Off
 Max iterations          : 100
 KAIN solver             : 5
 Localization            : Off
 Diagonalization         : First two iterations
 Start precision         : 1.00000e-04
 Final precision         : 1.00000e-06
 Helmholtz precision     : Dynamic
 Energy threshold        : 1.00000e-06
 Orbital threshold       : Off
~~~~~~~~~~~~~~~~~~~~~~~~~~~~~~~~~~~~~~~~~~~~~~~~~~~~~~~~~~~~~~~~~~~~~~~~~~~


===========================================================================
 Iter           MO residual             Total energy                Update
---------------------------------------------------------------------------
    0          2.236068e+00         -76.454803654737         -7.645480e+01
    1          1.222107e-02         -76.457293715603         -2.490061e-03
    2          7.403820e-03         -76.457770490615         -4.767750e-04
    3          4.884786e-03         -76.457877996212         -1.075056e-04
    4          2.294775e-03         -76.457925817022         -4.782081e-05
    5          3.429918e-03         -76.457943650791         -1.783377e-05
    6          3.537687e-04         -76.457947937424         -4.286634e-06
    7          1.232239e-04         -76.457954516335         -6.578910e-06
    8          2.682424e-05         -76.457956120884         -1.604550e-06
    9          1.427209e-05         -76.457956117939          2.945697e-09
---------------------------------------------------------------------------
                      SCF converged in 9 iterations!
===========================================================================


                                                                           
***************************************************************************
***                                                                     ***
***                    Printing Molecular Properties                    ***
***                                                                     ***
***************************************************************************
                                                                           
                                                                           
===========================================================================
                                 Molecule
---------------------------------------------------------------------------
 Charge                  :                                               0
 Multiplicity            :                                               1
---------------------------------------------------------------------------
    N    Atom            :               x               y               z
---------------------------------------------------------------------------
    0       O            :        0.000000        0.000000       -0.125000
    1       H            :       -1.437500        0.000000        1.025000
    2       H            :        1.437500        0.000000        1.025000
---------------------------------------------------------------------------
 Center of mass          :        0.000000        0.000000        0.003683
===========================================================================


===========================================================================
                         Molecular Energy (final)
---------------------------------------------------------------------------
 Kinetic energy          :            (au)                 76.218228611792
 E-N energy              :            (au)               -198.957820720901
 Coulomb energy          :            (au)                 46.541129248076
 Exchange energy         :            (au)                  0.000000000000
 X-C energy              :            (au)                 -9.298728701142
 Ext. field (el)         :            (au)                  0.000000000000
---------------------------------------------------------------------------
 N-N energy              :            (au)                  9.039235444235
 Ext. field (nuc)        :            (au)                  0.000000000000
---------------------------------------------------------------------------
 Electronic energy       :            (au)                -85.497191562174
 Nuclear energy          :            (au)                  9.039235444235
---------------------------------------------------------------------------
 Total energy            :            (au)             -7.645795611794e+01
                         :      (kcal/mol)             -4.797809144439e+04
                         :        (kJ/mol)             -2.007403347336e+05
                         :            (eV)             -2.080526884061e+03
===========================================================================


===========================================================================
                         Orbital Energies (final)
---------------------------------------------------------------------------
    n  Occ Spin          :                                         Epsilon
---------------------------------------------------------------------------
    0    2    p          :            (au)                -18.783424063415
    1    2    p          :            (au)                 -0.921245261289
    2    2    p          :            (au)                 -0.474165812058
    3    2    p          :            (au)                 -0.343240953369
    4    2    p          :            (au)                 -0.264212173619
---------------------------------------------------------------------------
 Sum occupied            :            (au)                -41.572576527503
===========================================================================


===========================================================================
                           Dipole Moment (dip-1)
---------------------------------------------------------------------------
 r_O                     :        0.000000        0.000000        0.000000
---------------------------------------------------------------------------
 Electronic vector       :        0.000000       -0.000000       -0.330024
 Magnitude               :            (au)                        0.330024
                         :         (Debye)                        0.838838
---------------------------------------------------------------------------
 Nuclear vector          :        0.000000        0.000000        1.050000
 Magnitude               :            (au)                        1.050000
                         :         (Debye)                        2.668834
---------------------------------------------------------------------------
 Total vector            :        0.000000        0.000000        0.719976
 Magnitude               :            (au)                        0.719976
                         :         (Debye)                        1.829996
===========================================================================


                                                                           
                                                                           
***************************************************************************
***                                                                     ***
***                            Exiting MRChem                           ***
***                                                                     ***
***                       Wall time :  0h  2m 28s                       ***
***                                                                     ***
***************************************************************************
                                                                           
                                                                           
