                                                                           
                                                                           
***************************************************************************
***                                                                     ***
***                                                                     ***
***          __  __ ____   ____ _                                       ***
***         |  \/  |  _ \ / ___| |__   ___ _ __ ___                     ***
***         | |\/| | |_) | |   | '_ \ / _ \ '_ ` _ \                    ***
***         | |  | |  _ <| |___| | | |  __/ | | | | |                   ***
***         |_|  |_|_| \_\\____|_| |_|\___|_| |_| |_|                   ***
***                                                                     ***
***         VERSION            1.0.0                                    ***
***                                                                     ***
***         Git branch         release/1.0                              ***
***         Git commit hash    ba79f782d902b238c644                     ***
***         Git commit author  Stig Rune Jensen                         ***
***         Git commit date    Wed Sep 16 08:44:27 2020 +0200           ***
***                                                                     ***
***         Contact: luca.frediani@uit.no                               ***
***                                                                     ***
***         Radovan Bast            Magnar Bjorgve                      ***
***         Roberto Di Remigio      Antoine Durdek                      ***
***         Luca Frediani           Gabriel Gerez                       ***
***         Stig Rune Jensen        Jonas Juselius                      ***
***         Rune Monstad            Peter Wind                          ***
***                                                                     ***
***************************************************************************

---------------------------------------------------------------------------

 MPI processes           :       (no bank)                               1
 OpenMP threads          :                                              16
 Total cores             :                                              16
                                                                           
---------------------------------------------------------------------------

XCFun DFT library Copyright 2009-2020 Ulf Ekstrom and contributors.
See http://dftlibs.org/xcfun/ for more information.

This is free software; see the source code for copying conditions.
There is ABSOLUTELY NO WARRANTY; not even for MERCHANTABILITY or
FITNESS FOR A PARTICULAR PURPOSE. For details see the documentation.
Scientific users of this library should cite
U. Ekstrom, L. Visscher, R. Bast, A. J. Thorvaldsen and K. Ruud;
J.Chem.Theor.Comp. 2010, DOI: 10.1021/ct100117s

---------------------------------------------------------------------------

 MRCPP version         : 1.3.3
 Git branch            : release/1.0
 Git commit hash       : ba79f782d902b238c644
 Git commit author     : Stig Rune Jensen
 Git commit date       : Wed Sep 16 08:44:27 2020 +0200

 Linear algebra        : EIGEN v3.3.7
 Parallelization       : OpenMP

---------------------------------------------------------------------------


                                                                           
===========================================================================
                         MultiResolution Analysis
---------------------------------------------------------------------------
 polynomial order      : 6
 polynomial type       : Interpolating
---------------------------------------------------------------------------
 total boxes           : 8
 boxes                 : [          2           2           2 ]
 unit lengths          : [   32.00000    32.00000    32.00000 ]
 scaling factor        : [    1.00000     1.00000     1.00000 ]
 lower bounds          : [  -32.00000   -32.00000   -32.00000 ]
 upper bounds          : [   32.00000    32.00000    32.00000 ]
 total length          : [   64.00000    64.00000    64.00000 ]
===========================================================================


                                                                           
***************************************************************************
***                                                                     ***
***                        Initializing Molecule                        ***
***                                                                     ***
***************************************************************************
                                                                           
                                                                           
===========================================================================
                                 Molecule
---------------------------------------------------------------------------
 Charge                  :                                               0
 Multiplicity            :                                               1
---------------------------------------------------------------------------
    N    Atom            :               x               y               z
---------------------------------------------------------------------------
    0       O            :        0.000000        0.000000       -0.125000
    1       H            :       -1.437500        0.000000        1.025000
    2       H            :        1.437500        0.000000        1.025000
---------------------------------------------------------------------------
 Center of mass          :        0.000000        0.000000        0.003683
===========================================================================


                                                                           
***************************************************************************
***                                                                     ***
***                 Computing Ground State Wavefunction                 ***
***                                                                     ***
***************************************************************************
                                                                           
                                                                           
~~~~~~~~~~~~~~~~~~~~~~~~~~~~~~~~~~~~~~~~~~~~~~~~~~~~~~~~~~~~~~~~~~~~~~~~~~~
 Calculation             : Compute initial orbitals
 Method                  : Diagonalize SAD Hamiltonian
 Precision               : 1.00000e-03
 Restricted              : True
 Functional              : LDA (SVWN5)
 AO basis                : Hydrogenic orbitals
 Zeta quality            : 2
~~~~~~~~~~~~~~~~~~~~~~~~~~~~~~~~~~~~~~~~~~~~~~~~~~~~~~~~~~~~~~~~~~~~~~~~~~~


===========================================================================
                            Molecular Orbitals
---------------------------------------------------------------------------
 Alpha electrons         :                                               5
 Beta electrons          :                                               5
 Total electrons         :                                              10
---------------------------------------------------------------------------
    n  Occ Spin          :                                            Norm
---------------------------------------------------------------------------
    0    2    p          :                              1.000000000000e+00
    1    2    p          :                              9.999999998626e-01
    2    2    p          :                              1.000000000000e+00
    3    2    p          :                              9.999999999207e-01
    4    2    p          :                              1.000000000000e+00
===========================================================================


~~~~~~~~~~~~~~~~~~~~~~~~~~~~~~~~~~~~~~~~~~~~~~~~~~~~~~~~~~~~~~~~~~~~~~~~~~~
 Calculation             : Compute initial energy
 Method                  : DFT (SVWN5)
 Precision               : 1.00000e-03
 Localization            : Off
~~~~~~~~~~~~~~~~~~~~~~~~~~~~~~~~~~~~~~~~~~~~~~~~~~~~~~~~~~~~~~~~~~~~~~~~~~~


===========================================================================
                        Molecular Energy (initial)
---------------------------------------------------------------------------
 Kinetic energy          :            (au)                 80.834813712708
 E-N energy              :            (au)               -205.111765100339
 Coulomb energy          :            (au)                 48.723389980075
 Exchange energy         :            (au)                  0.000000000000
 X-C energy              :            (au)                 -9.072145358005
 Ext. field (el)         :            (au)                  0.000000000000
---------------------------------------------------------------------------
 N-N energy              :            (au)                  9.039235444235
 Ext. field (nuc)        :            (au)                  0.000000000000
---------------------------------------------------------------------------
 Electronic energy       :            (au)                -84.625706765561
 Nuclear energy          :            (au)                  9.039235444235
---------------------------------------------------------------------------
 Total energy            :            (au)             -7.558647132133e+01
                         :      (kcal/mol)             -4.743122648243e+04
                         :        (kJ/mol)             -1.984522517313e+05
                         :            (eV)             -2.056812575695e+03
===========================================================================


===========================================================================
                        Orbital Energies (initial)
---------------------------------------------------------------------------
    n  Occ Spin          :                                         Epsilon
---------------------------------------------------------------------------
    0    2    p          :            (au)                -18.044453848031
    1    2    p          :            (au)                 -0.770837273562
    2    2    p          :            (au)                 -0.362761647013
    3    2    p          :            (au)                 -0.141076723391
    4    2    p          :            (au)                 -0.071825387931
---------------------------------------------------------------------------
 Sum occupied            :            (au)                -38.781909759858
===========================================================================


~~~~~~~~~~~~~~~~~~~~~~~~~~~~~~~~~~~~~~~~~~~~~~~~~~~~~~~~~~~~~~~~~~~~~~~~~~~
 Calculation             : Optimize ground state orbitals
 Method                  : DFT (SVWN5)
 Checkpointing           : Off
 Max iterations          : 100
 KAIN solver             : 5
 Localization            : Off
 Diagonalization         : First two iterations
 Start precision         : 1.00000e-04
 Final precision         : 1.00000e-04
 Helmholtz precision     : Dynamic
 Energy threshold        : Off
 Orbital threshold       : 1.00000e-02
~~~~~~~~~~~~~~~~~~~~~~~~~~~~~~~~~~~~~~~~~~~~~~~~~~~~~~~~~~~~~~~~~~~~~~~~~~~


===========================================================================
 Iter           MO residual             Total energy                Update
---------------------------------------------------------------------------
    0          2.236068e+00         -75.586471321326         -7.558647e+01
    1          3.593818e-01         -75.805895521651         -2.194242e-01
    2          2.543988e-01         -75.894020346240         -8.812482e-02
    3          1.215651e-01         -75.902471256194         -8.450910e-03
    4          5.285839e-02         -75.912464242986         -9.992987e-03
    5          2.715318e-02         -75.913214923622         -7.506806e-04
    6          1.029763e-02         -75.913339137568         -1.242139e-04
---------------------------------------------------------------------------
                      SCF converged in 6 iterations!
===========================================================================


                                                                           
***************************************************************************
***                                                                     ***
***                    Printing Molecular Properties                    ***
***                                                                     ***
***************************************************************************
                                                                           
                                                                           
===========================================================================
                                 Molecule
---------------------------------------------------------------------------
 Charge                  :                                               0
 Multiplicity            :                                               1
---------------------------------------------------------------------------
    N    Atom            :               x               y               z
---------------------------------------------------------------------------
    0       O            :        0.000000        0.000000       -0.125000
    1       H            :       -1.437500        0.000000        1.025000
    2       H            :        1.437500        0.000000        1.025000
---------------------------------------------------------------------------
 Center of mass          :        0.000000        0.000000        0.003683
===========================================================================


===========================================================================
                         Molecular Energy (final)
---------------------------------------------------------------------------
 Kinetic energy          :            (au)                 75.472258131678
 E-N energy              :            (au)               -198.157225228593
 Coulomb energy          :            (au)                 46.453964525349
 Exchange energy         :            (au)                  0.000000000000
 X-C energy              :            (au)                 -8.721572010237
 Ext. field (el)         :            (au)                  0.000000000000
---------------------------------------------------------------------------
 N-N energy              :            (au)                  9.039235444235
 Ext. field (nuc)        :            (au)                  0.000000000000
---------------------------------------------------------------------------
 Electronic energy       :            (au)                -84.952574581803
 Nuclear energy          :            (au)                  9.039235444235
---------------------------------------------------------------------------
 Total energy            :            (au)             -7.591333913757e+01
                         :      (kcal/mol)             -4.763633913223e+04
                         :        (kJ/mol)             -1.993104430586e+05
                         :            (eV)             -2.065707101704e+03
===========================================================================


===========================================================================
                         Orbital Energies (final)
---------------------------------------------------------------------------
    n  Occ Spin          :                                         Epsilon
---------------------------------------------------------------------------
    0    2    p          :            (au)                -18.612195434484
    1    2    p          :            (au)                 -0.921140178636
    2    2    p          :            (au)                 -0.479477270458
    3    2    p          :            (au)                 -0.348276428151
    4    2    p          :            (au)                 -0.271201163296
---------------------------------------------------------------------------
 Sum occupied            :            (au)                -41.264580950051
===========================================================================


===========================================================================
                           Dipole Moment (dip-1)
---------------------------------------------------------------------------
 r_O                     :        0.000000        0.000000        0.000000
---------------------------------------------------------------------------
 Electronic vector       :        0.000007        0.000000       -0.301607
 Magnitude               :            (au)                        0.301607
                         :         (Debye)                        0.766610
---------------------------------------------------------------------------
 Nuclear vector          :       -0.000000       -0.000000        1.050000
 Magnitude               :            (au)                        1.050000
                         :         (Debye)                        2.668834
---------------------------------------------------------------------------
 Total vector            :        0.000007       -0.000000        0.748393
 Magnitude               :            (au)                        0.748393
                         :         (Debye)                        1.902224
===========================================================================


                                                                           
                                                                           
***************************************************************************
***                                                                     ***
***                            Exiting MRChem                           ***
***                                                                     ***
***                       Wall time :  0h  0m 34s                       ***
***                                                                     ***
***************************************************************************
                                                                           
                                                                           
